1000 0.000268 500.000000 1000 1
1200 0.000256 600.000000 1200 1
1400 0.000326 700.000000 1400 1
1600 0.000334 800.000000 1600 1
1800 0.000399 900.000000 1800 1
2000 0.000454 1000.000000 2000 1
2200 0.000552 1100.000000 2200 1
2400 0.000567 1200.000000 2400 1
2600 0.000704 1300.000000 2600 1
2800 0.000846 1400.000000 2800 1
3000 0.000796 1500.000000 3000 1
3200 0.000799 1600.000000 3200 1
3400 0.000736 1700.000000 3400 1
3600 0.000774 1800.000000 3600 1
3800 0.000831 1900.000000 3800 1
4000 0.000917 2000.000000 4000 1
4200 0.000911 2100.000000 4200 1
4400 0.000969 2200.000000 4400 1
4600 0.001014 2300.000000 4600 1
4800 0.001032 2400.000000 4800 1
5000 0.001582 2500.000000 5000 1
5200 0.001319 2600.000000 5200 1
5400 0.001169 2700.000000 5400 1
5600 0.001192 2800.000000 5600 1
5800 0.001271 2900.000000 5800 1
6000 0.001276 3000.000000 6000 1
6200 0.001380 3100.000000 6200 1
6400 0.001603 3200.000000 6400 1
6600 0.001636 3300.000000 6600 1
6800 0.001788 3400.000000 6800 1
7000 0.001566 3500.000000 7000 1
7200 0.001840 3600.000000 7200 1
7400 0.002290 3700.000000 7400 1
7600 0.002185 3800.000000 7600 1
7800 0.001963 3900.000000 7800 1
8000 0.002060 4000.000000 8000 1
8200 0.002742 4100.000000 8200 1
8400 0.001947 4200.000000 8400 1
8600 0.001825 4300.000000 8600 1
8800 0.001951 4400.000000 8800 1
9000 0.002089 4500.000000 9000 1
9200 0.002291 4600.000000 9200 1
9400 0.002052 4700.000000 9400 1
9600 0.002051 4800.000000 9600 1
9800 0.002070 4900.000000 9800 1
10000 0.002095 5000.000000 10000 1
