200 0.000180 6.000000 8 1
400 0.000221 7.000000 9 1
600 0.000108 8.000000 10 1
800 0.000129 8.000000 10 1
1000 0.000117 8.000000 10 1
1200 0.000118 9.000000 11 1
1400 0.000117 9.000000 11 1
1600 0.000126 9.000000 11 1
1800 0.000134 9.000000 11 1
2000 0.000136 9.000000 11 1
2200 0.000143 10.000000 12 1
2400 0.000228 10.000000 12 1
2600 0.000273 10.000000 12 1
2800 0.000185 10.000000 12 1
3000 0.000187 10.000000 12 1
3200 0.000240 10.000000 12 1
3400 0.000137 10.000000 12 1
3600 0.000141 10.000000 12 1
3800 0.000136 10.000000 12 1
4000 0.000137 10.000000 12 1
4200 0.000142 11.000000 13 1
4400 0.000144 11.000000 13 1
4600 0.000143 11.000000 13 1
4800 0.000202 11.000000 13 1
5000 0.000149 11.000000 13 1
5200 0.000154 11.000000 13 1
5400 0.000152 11.000000 13 1
5600 0.000255 11.000000 13 1
5800 0.000150 11.000000 13 1
6000 0.000191 11.000000 13 1
6200 0.000151 11.000000 13 1
6400 0.000145 11.000000 13 1
6600 0.000139 11.000000 13 1
6800 0.000139 11.000000 13 1
7000 0.000136 11.000000 13 1
7200 0.000193 11.000000 13 1
7400 0.000156 11.000000 13 1
7600 0.000151 11.000000 13 1
7800 0.000165 11.000000 13 1
8000 0.000153 11.000000 13 1
8200 0.000155 12.000000 14 1
8400 0.000204 12.000000 14 1
8600 0.000209 12.000000 14 1
8800 0.000197 12.000000 14 1
9000 0.000152 12.000000 14 1
9200 0.000153 12.000000 14 1
9400 0.000156 12.000000 14 1
9600 0.000181 12.000000 14 1
9800 0.000149 12.000000 14 1
10000 0.000156 12.000000 14 1
