1000 0.000020 10.000000 1000 1
1200 0.000021 11.000000 1200 1
1400 0.000022 12.000000 1400 1
1600 0.000022 13.000000 1600 1
1800 0.000024 14.000000 1800 1
2000 0.000024 15.000000 2000 1
2200 0.000024 16.000000 2200 1
2400 0.000026 17.000000 2400 1
2600 0.000027 19.000000 2600 1
2800 0.000030 21.000000 2800 1
3000 0.000029 20.000000 3000 1
3200 0.000032 21.000000 3200 1
3400 0.000029 22.000000 3400 1
3600 0.000031 24.000000 3600 1
3800 0.000030 23.000000 3800 1
4000 0.000032 25.000000 4000 1
4200 0.000033 27.000000 4200 1
4400 0.000034 29.000000 4400 1
4600 0.000035 29.000000 4600 1
4800 0.000036 30.000000 4800 1
5000 0.000042 32.000000 5000 1
5200 0.000042 33.000000 5200 1
5400 0.000045 33.000000 5400 1
5600 0.000042 34.000000 5600 1
5800 0.000039 35.000000 5800 1
6000 0.000043 -35.000000 6000 1
6200 0.000044 -32.000000 6200 1
6400 0.000044 -26.000000 6400 1
6600 0.000040 -25.000000 6600 1
6800 0.000052 -20.000000 6800 1
7000 0.000078 -19.000000 7000 1
7200 0.000048 -19.000000 7200 1
7400 0.000044 -15.000000 7400 1
7600 0.000073 -10.000000 7600 1
7800 0.000046 -10.000000 7800 1
8000 0.000058 -3.000000 8000 1
8200 0.000060 -4.000000 8200 1
8400 0.000080 -2.000000 8400 1
8600 0.000060 0.000000 8600 1
8800 0.000056 1.000000 8800 1
9000 0.000048 4.000000 9000 1
9200 0.000051 7.000000 9200 1
9400 0.000050 8.000000 9400 1
9600 0.000052 11.000000 9600 1
9800 0.000059 14.000000 9798 1
10000 0.000058 13.000000 10000 1
