1000 0.000321 290.000000 986 2
1200 0.000951 795.000000 1196 2
1400 0.000542 605.000000 1394 2
1600 0.000178 265.000000 1552 2
1800 0.000381 539.000000 1786 2
2000 0.000399 611.000000 1990 2
2200 0.000713 1076.000000 2199 14
2400 0.000637 974.000000 2344 19
2600 0.000465 685.000000 2592 2
2800 0.000842 1240.000000 2784 2
3000 0.000414 578.000000 2986 2
3200 0.000530 861.000000 3193 2
3400 0.000801 1299.000000 3398 2
3600 0.000923 1425.000000 3595 140
3800 0.000787 1234.000000 3748 2
4000 0.000877 1400.000000 3996 2
4200 0.001083 1709.000000 4121 2
4400 0.001157 1704.000000 4386 2
4600 0.001553 2166.000000 4581 69
4800 0.001467 2174.000000 4719 10
5000 0.001212 1487.000000 4997 2
5200 0.002364 2867.000000 5189 29
5400 0.001261 1898.000000 5386 10
5600 0.001803 2150.000000 5596 2
5800 0.002221 2417.000000 5705 2
6000 0.001395 2145.000000 5881 97
6200 0.002686 3211.000000 6126 7
6400 0.001364 1711.000000 6327 2
6600 0.002397 3255.000000 6328 20
6800 0.001817 2615.000000 6784 2
7000 0.002203 3393.000000 6983 34
7200 0.000966 1482.000000 7066 2
7400 0.001141 1744.000000 7391 2
7600 0.002406 3790.000000 7594 62
7800 0.002847 4623.000000 7792 12
8000 0.002044 3247.000000 7960 171
8200 0.001812 2865.000000 7971 2
8400 0.001999 3101.000000 8301 2
8600 0.002231 3557.000000 8559 39
8800 0.002207 3466.000000 8763 2
9000 0.002667 4200.000000 8953 2
9200 0.001368 2153.000000 9183 2
9400 0.001285 2008.000000 9394 2
9600 0.003751 5586.000000 9547 2
9800 0.004304 6831.000000 9790 12
10000 0.001230 1909.000000 9954 2
