1000 0.000081 103.000000 995 2
1200 0.000161 236.000000 1200 2
1400 0.000175 264.000000 1386 1
1600 0.000175 245.000000 1594 2
1800 0.000236 358.000000 1800 2
2000 0.000247 357.000000 1999 2
2200 0.000203 305.000000 2183 2
2400 0.000246 343.000000 2383 1
2600 0.000265 386.000000 2595 2
2800 0.000396 609.000000 2795 1
3000 0.000321 438.000000 2999 2
3200 0.000574 731.000000 3197 2
3400 0.000449 468.000000 3380 2
3600 0.000325 365.000000 3599 2
3800 0.000467 571.000000 3797 2
4000 0.000621 781.000000 3993 2
4200 0.000519 758.000000 4196 1
4400 0.000321 470.000000 4396 2
4600 0.000519 784.000000 4594 2
4800 0.000499 773.000000 4792 2
5000 0.000448 685.000000 4972 2
5200 0.000634 971.000000 5189 2
5400 0.000417 638.000000 5400 2
5600 0.000487 746.000000 5598 2
5800 0.000571 853.000000 5793 1
6000 0.000667 992.000000 5997 2
6200 0.000557 848.000000 6147 2
6400 0.000479 717.000000 6381 2
6600 0.000578 894.000000 6582 2
6800 0.000681 1055.000000 6777 2
7000 0.000506 773.000000 6983 2
7200 0.000913 1369.000000 7197 2
7400 0.000813 999.000000 7393 2
7600 0.001679 1025.000000 7600 2
7800 0.001665 1159.000000 7795 2
8000 0.001361 1216.000000 7992 2
8200 0.000620 747.000000 8185 2
8400 0.001244 1882.000000 8324 2
8600 0.000977 1442.000000 8599 2
8800 0.000712 994.000000 8765 2
9000 0.001038 1466.000000 8939 2
9200 0.001127 1746.000000 9195 2
9400 0.001310 1963.000000 9394 2
9600 0.000739 1092.000000 9567 2
9800 0.001209 1815.000000 9777 2
10000 0.001233 1782.000000 9989 1
