1000 0.000126 52.000000 995 1
1200 0.000125 79.000000 1199 1
1400 0.000145 87.000000 1400 1
1600 0.000124 86.000000 1596 1
1800 0.000111 123.000000 1798 1
2000 0.000154 121.000000 1998 1
2200 0.000128 129.000000 2199 1
2400 0.000100 119.000000 2398 1
2600 0.000125 150.000000 2600 1
2800 0.000147 139.000000 2800 1
3000 0.000159 158.000000 2999 1
3200 0.000176 193.000000 3200 1
3400 0.000226 172.000000 3399 1
3600 0.000178 179.000000 3587 1
3800 0.000223 215.000000 3796 1
4000 0.000175 203.000000 3996 1
4200 0.000199 188.000000 4195 1
4400 0.000175 194.000000 4400 1
4600 0.000167 181.000000 4593 1
4800 0.000230 217.000000 4792 1
5000 0.000231 269.000000 4986 1
5200 0.000202 206.000000 5199 1
5400 0.000204 258.000000 5395 1
5600 0.000197 219.000000 5597 1
5800 0.000234 293.000000 5791 1
6000 0.000239 293.000000 5991 1
6200 0.000248 294.000000 6196 1
6400 0.000270 312.000000 6397 1
6600 0.000288 337.000000 6600 1
6800 0.000283 357.000000 6788 1
7000 0.000285 378.000000 7000 1
7200 0.000289 381.000000 7188 1
7400 0.000283 345.000000 7397 1
7600 0.000303 385.000000 7585 1
7800 0.000393 516.000000 7797 1
8000 0.000334 397.000000 7997 1
8200 0.000403 486.000000 8178 1
8400 0.000306 396.000000 8393 1
8600 0.000356 428.000000 8598 1
8800 0.000401 492.000000 8797 1
9000 0.000302 390.000000 8998 1
9200 0.000415 515.000000 9195 1
9400 0.000420 486.000000 9396 1
9600 0.000431 487.000000 9587 1
9800 0.000375 452.000000 9800 1
10000 0.000445 506.000000 9999 1
