1000 0.000089 9.000000 10 3
1200 0.000075 9.000000 11 2
1400 0.000040 9.000000 11 2
1600 0.000038 10.000000 11 2
1800 0.000049 10.000000 11 2
2000 0.000051 10.000000 11 2
2200 0.000046 10.000000 12 3
2400 0.000035 10.000000 12 1
2600 0.000036 10.000000 12 3
2800 0.000057 10.000000 12 2
3000 0.000038 10.000000 12 3
3200 0.000036 11.000000 12 2
3400 0.000044 11.000000 12 2
3600 0.000068 11.000000 12 2
3800 0.000036 11.000000 12 3
4000 0.000032 11.000000 12 3
4200 0.000035 11.000000 13 1
4400 0.000050 11.000000 13 4
4600 0.000037 11.000000 13 3
4800 0.000037 11.000000 13 2
5000 0.000037 11.000000 13 2
5200 0.000034 11.000000 13 4
5400 0.000037 11.000000 13 2
5600 0.000041 11.000000 13 2
5800 0.000035 11.000000 13 4
6000 0.000038 11.000000 13 2
6200 0.000040 12.000000 13 4
6400 0.000042 12.000000 13 3
6600 0.000048 12.000000 13 4
6800 0.000055 12.000000 13 4
7000 0.000040 12.000000 13 3
7200 0.000040 12.000000 13 3
7400 0.000044 12.000000 13 1
7600 0.000059 12.000000 13 4
7800 0.000054 12.000000 13 2
8000 0.000049 12.000000 13 3
8200 0.000110 12.000000 13 2
8400 0.000044 12.000000 14 2
8600 0.000039 12.000000 14 3
8800 0.000040 12.000000 14 2
9000 0.000046 12.000000 14 3
9200 0.000038 12.000000 14 2
9400 0.000042 12.000000 14 5
9600 0.000039 12.000000 14 5
9800 0.000044 12.000000 14 4
10000 0.000039 12.000000 14 4
