1000 0.000029 9.000000 10 1
1200 0.000029 9.000000 11 1
1400 0.000029 9.000000 11 1
1600 0.000029 10.000000 11 1
1800 0.000030 10.000000 11 1
2000 0.000030 10.000000 11 1
2200 0.000030 10.000000 12 1
2400 0.000031 10.000000 12 1
2600 0.000031 10.000000 12 1
2800 0.000031 10.000000 12 1
3000 0.000031 10.000000 12 1
3200 0.000032 11.000000 12 1
3400 0.000031 11.000000 12 1
3600 0.000032 11.000000 12 1
3800 0.000033 11.000000 12 1
4000 0.000032 11.000000 12 1
4200 0.000034 11.000000 13 1
4400 0.000035 11.000000 13 1
4600 0.000034 11.000000 13 1
4800 0.000035 11.000000 13 1
5000 0.000034 11.000000 13 1
5200 0.000035 11.000000 13 1
5400 0.000035 11.000000 13 1
5600 0.000036 11.000000 13 1
5800 0.000035 11.000000 13 1
6000 0.000036 11.000000 13 1
6200 0.000039 12.000000 13 1
6400 0.000041 12.000000 13 1
6600 0.000040 12.000000 13 1
6800 0.000040 12.000000 13 1
7000 0.000040 12.000000 13 1
7200 0.000042 12.000000 13 1
7400 0.000040 12.000000 13 1
7600 0.000041 12.000000 13 1
7800 0.000040 12.000000 13 1
8000 0.000047 12.000000 13 1
8200 0.000040 12.000000 14 1
8400 0.000039 12.000000 14 1
8600 0.000039 12.000000 14 1
8800 0.000039 12.000000 14 1
9000 0.000039 12.000000 14 1
9200 0.000040 12.000000 14 1
9400 0.000040 12.000000 14 1
9600 0.000039 12.000000 14 1
9800 0.000046 12.000000 14 1
10000 0.000043 12.000000 14 1
