1000 0.000030 9.000000 10 4
1200 0.000026 9.000000 11 4
1400 0.000028 9.000000 11 4
1600 0.000028 10.000000 11 4
1800 0.000029 10.000000 11 3
2000 0.000029 10.000000 11 4
2200 0.000029 10.000000 12 5
2400 0.000029 10.000000 12 4
2600 0.000035 10.000000 12 4
2800 0.000031 10.000000 12 5
3000 0.000030 10.000000 12 4
3200 0.000034 11.000000 12 4
3400 0.000030 11.000000 12 5
3600 0.000033 11.000000 12 4
3800 0.000032 11.000000 12 5
4000 0.000032 11.000000 12 2
4200 0.000034 11.000000 13 5
4400 0.000032 11.000000 13 4
4600 0.000049 11.000000 13 4
4800 0.000044 11.000000 13 4
5000 0.000033 11.000000 13 5
5200 0.000055 11.000000 13 5
5400 0.000032 11.000000 13 5
5600 0.000041 11.000000 13 5
5800 0.000047 11.000000 13 2
6000 0.000048 11.000000 13 4
6200 0.000033 12.000000 13 6
6400 0.000035 12.000000 13 6
6600 0.000036 12.000000 13 3
6800 0.000038 12.000000 13 6
7000 0.000037 12.000000 13 4
7200 0.000038 12.000000 13 3
7400 0.000036 12.000000 13 5
7600 0.000036 12.000000 13 6
7800 0.000036 12.000000 13 4
8000 0.000036 12.000000 13 6
8200 0.000038 12.000000 13 4
8400 0.000037 12.000000 14 3
8600 0.000036 12.000000 14 4
8800 0.000036 12.000000 14 4
9000 0.000037 12.000000 14 4
9200 0.000035 12.000000 14 5
9400 0.000036 12.000000 14 6
9600 0.000033 12.000000 14 5
9800 0.000036 12.000000 14 6
10000 0.000037 12.000000 14 5
