1000 0.000027 9.000000 10 5
1200 0.000054 9.000000 11 3
1400 0.000028 9.000000 11 6
1600 0.000028 10.000000 11 6
1800 0.000028 10.000000 11 5
2000 0.000036 10.000000 11 4
2200 0.000028 10.000000 12 6
2400 0.000028 10.000000 12 5
2600 0.000029 10.000000 12 5
2800 0.000029 10.000000 12 3
3000 0.000030 10.000000 12 6
3200 0.000030 11.000000 12 5
3400 0.000030 11.000000 12 6
3600 0.000031 11.000000 12 6
3800 0.000031 11.000000 12 6
4000 0.000033 11.000000 12 3
4200 0.000046 11.000000 13 4
4400 0.000033 11.000000 13 6
4600 0.000046 11.000000 13 4
4800 0.000033 11.000000 13 6
5000 0.000030 11.000000 13 6
5200 0.000055 11.000000 13 6
5400 0.000034 11.000000 13 7
5600 0.000032 11.000000 13 6
5800 0.000042 11.000000 13 7
6000 0.000035 11.000000 13 5
6200 0.000085 12.000000 13 7
6400 0.000036 12.000000 13 7
6600 0.000032 12.000000 13 7
6800 0.000036 12.000000 13 6
7000 0.000052 12.000000 13 7
7200 0.000032 12.000000 13 6
7400 0.000053 12.000000 13 6
7600 0.000037 12.000000 13 7
7800 0.000036 12.000000 13 7
8000 0.000035 12.000000 13 5
8200 0.000036 12.000000 13 7
8400 0.000033 12.000000 14 7
8600 0.000032 12.000000 14 6
8800 0.000037 12.000000 14 7
9000 0.000037 12.000000 14 7
9200 0.000038 12.000000 14 6
9400 0.000036 12.000000 14 7
9600 0.000042 12.000000 14 7
9800 0.000035 12.000000 14 7
10000 0.000037 12.000000 14 7
